<?xml version="1.0" encoding="UTF-8"?>
<!-- Generated by org.testng.reporters.JUnitReportReporter -->
<testsuite hostname="LIN24010353" failures="0" tests="5" name="org.automation.TestCases.TC_002_UsingExcel" time="44.712" errors="0" timestamp="2026-04-11T23:19:28 IST" skipped="0">
  <testcase classname="org.automation.TestCases.TC_002_UsingExcel" name="tc_002_WithExcel" time="8.582"/>
  <testcase classname="org.automation.TestCases.TC_002_UsingExcel" name="tc_002_WithExcel" time="9.410"/>
  <testcase classname="org.automation.TestCases.TC_002_UsingExcel" name="tc_002_WithExcel" time="8.211"/>
  <testcase classname="org.automation.TestCases.TC_002_UsingExcel" name="tc_002_WithExcel" time="10.177"/>
  <testcase classname="org.automation.TestCases.TC_002_UsingExcel" name="tc_002_WithExcel" time="8.332"/>
</testsuite> <!-- org.automation.TestCases.TC_002_UsingExcel -->
