<?xml version="1.0" encoding="UTF-8"?>
<!-- Generated by org.testng.reporters.JUnitReportReporter -->
<testsuite hostname="LIN24010353" failures="0" tests="4" name="org.automation.TestCases.TC_001_ValidateLoginFunctionlaity" time="32.684" errors="0" timestamp="2026-04-11T23:19:28 IST" skipped="0">
  <testcase classname="org.automation.TestCases.TC_001_ValidateLoginFunctionlaity" name="tc_002_validateLoginFunctionality" time="9.668"/>
  <testcase classname="org.automation.TestCases.TC_001_ValidateLoginFunctionlaity" name="tc_001_LoginFunctionalityWithInValidCredential" time="7.696"/>
  <testcase classname="org.automation.TestCases.TC_001_ValidateLoginFunctionlaity" name="tc_001_LoginFunctionalityWithInValidCredential" time="7.642"/>
  <testcase classname="org.automation.TestCases.TC_001_ValidateLoginFunctionlaity" name="tc_001_LoginFunctionalityWithInValidCredential" time="7.678"/>
</testsuite> <!-- org.automation.TestCases.TC_001_ValidateLoginFunctionlaity -->
