<?xml version="1.0" encoding="UTF-8"?>
<!-- Generated by org.testng.reporters.JUnitReportReporter -->
<testsuite hostname="LIN24010353" failures="0" tests="3" name="dynamicElementHandling.dynamicElementHandling" time="35.945" errors="0" timestamp="2026-04-04T22:34:31 IST" skipped="0">
  <testcase classname="dynamicElementHandling.dynamicElementHandling" name="ContainDynamicElement" time="12.848"/>
  <testcase classname="dynamicElementHandling.dynamicElementHandling" name="HandleDynamicElement" time="12.121"/>
  <testcase classname="dynamicElementHandling.dynamicElementHandling" name="DynamicElementWithStartsWith" time="10.976"/>
</testsuite> <!-- dynamicElementHandling.dynamicElementHandling -->
