<?xml version="1.0" encoding="UTF-8"?>
<testng-results ignored="0" total="3" passed="3" failed="0" skipped="0">
  <reporter-output>
  </reporter-output>
  <suite started-at="2026-04-04T22:33:55 IST" name="Default suite" finished-at="2026-04-04T22:34:31 IST" duration-ms="36049">
    <groups>
    </groups>
    <test started-at="2026-04-04T22:33:55 IST" name="Default test" finished-at="2026-04-04T22:34:31 IST" duration-ms="36049">
      <class name="dynamicElementHandling.dynamicElementHandling">
        <test-method is-config="true" signature="OpenBrowser()[pri:0, instance:dynamicElementHandling.dynamicElementHandling@c8c12ac]" started-at="2026-04-04T22:33:55 IST" name="OpenBrowser" finished-at="2026-04-04T22:34:05 IST" duration-ms="9601" status="PASS">
          <reporter-output>
          </reporter-output>
        </test-method> <!-- OpenBrowser -->
        <test-method signature="ContainDynamicElement()[pri:0, instance:dynamicElementHandling.dynamicElementHandling@c8c12ac]" started-at="2026-04-04T22:34:05 IST" name="ContainDynamicElement" finished-at="2026-04-04T22:34:10 IST" duration-ms="5127" status="PASS">
          <reporter-output>
          </reporter-output>
        </test-method> <!-- ContainDynamicElement -->
        <test-method is-config="true" signature="TearDown()[pri:0, instance:dynamicElementHandling.dynamicElementHandling@c8c12ac]" started-at="2026-04-04T22:34:10 IST" name="TearDown" finished-at="2026-04-04T22:34:11 IST" duration-ms="823" status="PASS">
          <reporter-output>
          </reporter-output>
        </test-method> <!-- TearDown -->
        <test-method is-config="true" signature="OpenBrowser()[pri:0, instance:dynamicElementHandling.dynamicElementHandling@c8c12ac]" started-at="2026-04-04T22:34:11 IST" name="OpenBrowser" finished-at="2026-04-04T22:34:18 IST" duration-ms="7674" status="PASS">
          <reporter-output>
          </reporter-output>
        </test-method> <!-- OpenBrowser -->
        <test-method signature="DynamicElementWithStartsWith()[pri:0, instance:dynamicElementHandling.dynamicElementHandling@c8c12ac]" started-at="2026-04-04T22:34:18 IST" name="DynamicElementWithStartsWith" finished-at="2026-04-04T22:34:21 IST" duration-ms="2671" status="PASS">
          <reporter-output>
          </reporter-output>
        </test-method> <!-- DynamicElementWithStartsWith -->
        <test-method is-config="true" signature="TearDown()[pri:0, instance:dynamicElementHandling.dynamicElementHandling@c8c12ac]" started-at="2026-04-04T22:34:21 IST" name="TearDown" finished-at="2026-04-04T22:34:22 IST" duration-ms="704" status="PASS">
          <reporter-output>
          </reporter-output>
        </test-method> <!-- TearDown -->
        <test-method is-config="true" signature="OpenBrowser()[pri:0, instance:dynamicElementHandling.dynamicElementHandling@c8c12ac]" started-at="2026-04-04T22:34:22 IST" name="OpenBrowser" finished-at="2026-04-04T22:34:29 IST" duration-ms="6898" status="PASS">
          <reporter-output>
          </reporter-output>
        </test-method> <!-- OpenBrowser -->
        <test-method signature="HandleDynamicElement()[pri:0, instance:dynamicElementHandling.dynamicElementHandling@c8c12ac]" started-at="2026-04-04T22:34:29 IST" name="HandleDynamicElement" finished-at="2026-04-04T22:34:30 IST" duration-ms="1816" status="PASS">
          <reporter-output>
          </reporter-output>
        </test-method> <!-- HandleDynamicElement -->
        <test-method is-config="true" signature="TearDown()[pri:0, instance:dynamicElementHandling.dynamicElementHandling@c8c12ac]" started-at="2026-04-04T22:34:30 IST" name="TearDown" finished-at="2026-04-04T22:34:31 IST" duration-ms="631" status="PASS">
          <reporter-output>
          </reporter-output>
        </test-method> <!-- TearDown -->
      </class> <!-- dynamicElementHandling.dynamicElementHandling -->
    </test> <!-- Default test -->
  </suite> <!-- Default suite -->
</testng-results>
