<?xml version="1.0" encoding="UTF-8"?>
<!-- Generated by org.testng.reporters.JUnitXMLReporter -->
<testsuite ignored="0" hostname="LIN24010353" failures="0" tests="3" name="Default test" time="36.049" errors="0" timestamp="2026-04-04T22:34:31 IST">
  <testcase classname="dynamicElementHandling.dynamicElementHandling" name="ContainDynamicElement" time="5.127"/>
  <testcase classname="dynamicElementHandling.dynamicElementHandling" name="DynamicElementWithStartsWith" time="2.671"/>
  <testcase classname="dynamicElementHandling.dynamicElementHandling" name="HandleDynamicElement" time="1.816"/>
</testsuite> <!-- Default test -->
