<?xml version="1.0" encoding="UTF-8"?>
<testng-results ignored="0" total="9" passed="9" failed="0" skipped="0">
  <reporter-output>
  </reporter-output>
  <suite started-at="2026-04-11T23:18:08 IST" name="Default suite" finished-at="2026-04-11T23:19:27 IST" duration-ms="79345">
    <groups>
    </groups>
    <test started-at="2026-04-11T23:18:08 IST" name="Default test" finished-at="2026-04-11T23:19:27 IST" duration-ms="79345">
      <class name="org.automation.TestCases.TC_002_UsingExcel">
        <test-method is-config="true" signature="openBrowser()[pri:0, instance:org.automation.TestCases.TC_002_UsingExcel@3c46e67a]" started-at="2026-04-11T23:18:10 IST" name="openBrowser" finished-at="2026-04-11T23:18:18 IST" duration-ms="8255" status="PASS">
          <reporter-output>
          </reporter-output>
        </test-method> <!-- openBrowser -->
        <test-method is-config="true" signature="SetupPage()[pri:0, instance:org.automation.TestCases.TC_002_UsingExcel@3c46e67a]" started-at="2026-04-11T23:18:18 IST" name="SetupPage" finished-at="2026-04-11T23:18:18 IST" duration-ms="31" status="PASS">
          <reporter-output>
          </reporter-output>
        </test-method> <!-- SetupPage -->
        <test-method signature="tc_002_WithExcel(java.lang.String,java.lang.String)[pri:0, instance:org.automation.TestCases.TC_002_UsingExcel@3c46e67a]" started-at="2026-04-11T23:18:18 IST" name="tc_002_WithExcel" data-provider="Excel" finished-at="2026-04-11T23:18:20 IST" duration-ms="2213" status="PASS">
          <params>
            <param index="0">
              <value>
                <![CDATA[student]]>
              </value>
            </param>
            <param index="1">
              <value>
                <![CDATA[Password123]]>
              </value>
            </param>
          </params>
          <reporter-output>
          </reporter-output>
        </test-method> <!-- tc_002_WithExcel -->
        <test-method is-config="true" signature="closeBrowser(org.testng.ITestResult)[pri:0, instance:org.automation.TestCases.TC_002_UsingExcel@3c46e67a]" started-at="2026-04-11T23:18:20 IST" name="closeBrowser" finished-at="2026-04-11T23:18:21 IST" duration-ms="771" status="PASS">
          <params>
            <param index="0">
              <value>
                <![CDATA[[TestResult name=tc_002_WithExcel status=SUCCESS method=TC_002_UsingExcel.tc_002_WithExcel(java.lang.String,java.lang.String)[pri:0, instance:org.automation.TestCases.TC_002_UsingExcel@3c46e67a] output={null}]]]>
              </value>
            </param>
          </params>
          <reporter-output>
          </reporter-output>
        </test-method> <!-- closeBrowser -->
        <test-method is-config="true" signature="openBrowser()[pri:0, instance:org.automation.TestCases.TC_002_UsingExcel@3c46e67a]" started-at="2026-04-11T23:18:21 IST" name="openBrowser" finished-at="2026-04-11T23:18:27 IST" duration-ms="6429" status="PASS">
          <reporter-output>
          </reporter-output>
        </test-method> <!-- openBrowser -->
        <test-method is-config="true" signature="SetupPage()[pri:0, instance:org.automation.TestCases.TC_002_UsingExcel@3c46e67a]" started-at="2026-04-11T23:18:27 IST" name="SetupPage" finished-at="2026-04-11T23:18:27 IST" duration-ms="1" status="PASS">
          <reporter-output>
          </reporter-output>
        </test-method> <!-- SetupPage -->
        <test-method signature="tc_002_WithExcel(java.lang.String,java.lang.String)[pri:0, instance:org.automation.TestCases.TC_002_UsingExcel@3c46e67a]" started-at="2026-04-11T23:18:27 IST" name="tc_002_WithExcel" data-provider="Excel" finished-at="2026-04-11T23:18:29 IST" duration-ms="1026" status="PASS">
          <params>
            <param index="0">
              <value>
                <![CDATA[student1]]>
              </value>
            </param>
            <param index="1">
              <value>
                <![CDATA[Passwor124]]>
              </value>
            </param>
          </params>
          <reporter-output>
          </reporter-output>
        </test-method> <!-- tc_002_WithExcel -->
        <test-method is-config="true" signature="closeBrowser(org.testng.ITestResult)[pri:0, instance:org.automation.TestCases.TC_002_UsingExcel@3c46e67a]" started-at="2026-04-11T23:18:29 IST" name="closeBrowser" finished-at="2026-04-11T23:18:29 IST" duration-ms="720" status="PASS">
          <params>
            <param index="0">
              <value>
                <![CDATA[[TestResult name=tc_002_WithExcel status=SUCCESS method=TC_002_UsingExcel.tc_002_WithExcel(java.lang.String,java.lang.String)[pri:0, instance:org.automation.TestCases.TC_002_UsingExcel@3c46e67a] output={null}]]]>
              </value>
            </param>
          </params>
          <reporter-output>
          </reporter-output>
        </test-method> <!-- closeBrowser -->
        <test-method is-config="true" signature="openBrowser()[pri:0, instance:org.automation.TestCases.TC_002_UsingExcel@3c46e67a]" started-at="2026-04-11T23:18:29 IST" name="openBrowser" finished-at="2026-04-11T23:18:36 IST" duration-ms="6676" status="PASS">
          <reporter-output>
          </reporter-output>
        </test-method> <!-- openBrowser -->
        <test-method is-config="true" signature="SetupPage()[pri:0, instance:org.automation.TestCases.TC_002_UsingExcel@3c46e67a]" started-at="2026-04-11T23:18:36 IST" name="SetupPage" finished-at="2026-04-11T23:18:36 IST" duration-ms="1" status="PASS">
          <reporter-output>
          </reporter-output>
        </test-method> <!-- SetupPage -->
        <test-method signature="tc_002_WithExcel(java.lang.String,java.lang.String)[pri:0, instance:org.automation.TestCases.TC_002_UsingExcel@3c46e67a]" started-at="2026-04-11T23:18:36 IST" name="tc_002_WithExcel" data-provider="Excel" finished-at="2026-04-11T23:18:37 IST" duration-ms="1120" status="PASS">
          <params>
            <param index="0">
              <value>
                <![CDATA[student2]]>
              </value>
            </param>
            <param index="1">
              <value>
                <![CDATA[Passord125]]>
              </value>
            </param>
          </params>
          <reporter-output>
          </reporter-output>
        </test-method> <!-- tc_002_WithExcel -->
        <test-method is-config="true" signature="closeBrowser(org.testng.ITestResult)[pri:0, instance:org.automation.TestCases.TC_002_UsingExcel@3c46e67a]" started-at="2026-04-11T23:18:37 IST" name="closeBrowser" finished-at="2026-04-11T23:18:38 IST" duration-ms="832" status="PASS">
          <params>
            <param index="0">
              <value>
                <![CDATA[[TestResult name=tc_002_WithExcel status=SUCCESS method=TC_002_UsingExcel.tc_002_WithExcel(java.lang.String,java.lang.String)[pri:0, instance:org.automation.TestCases.TC_002_UsingExcel@3c46e67a] output={null}]]]>
              </value>
            </param>
          </params>
          <reporter-output>
          </reporter-output>
        </test-method> <!-- closeBrowser -->
        <test-method is-config="true" signature="openBrowser()[pri:0, instance:org.automation.TestCases.TC_002_UsingExcel@3c46e67a]" started-at="2026-04-11T23:18:38 IST" name="openBrowser" finished-at="2026-04-11T23:18:45 IST" duration-ms="6835" status="PASS">
          <reporter-output>
          </reporter-output>
        </test-method> <!-- openBrowser -->
        <test-method is-config="true" signature="SetupPage()[pri:0, instance:org.automation.TestCases.TC_002_UsingExcel@3c46e67a]" started-at="2026-04-11T23:18:45 IST" name="SetupPage" finished-at="2026-04-11T23:18:45 IST" duration-ms="3" status="PASS">
          <reporter-output>
          </reporter-output>
        </test-method> <!-- SetupPage -->
        <test-method signature="tc_002_WithExcel(java.lang.String,java.lang.String)[pri:0, instance:org.automation.TestCases.TC_002_UsingExcel@3c46e67a]" started-at="2026-04-11T23:18:45 IST" name="tc_002_WithExcel" data-provider="Excel" finished-at="2026-04-11T23:18:46 IST" duration-ms="994" status="PASS">
          <params>
            <param index="0">
              <value>
                <![CDATA[student3]]>
              </value>
            </param>
            <param index="1">
              <value>
                <![CDATA[Passord126]]>
              </value>
            </param>
          </params>
          <reporter-output>
          </reporter-output>
        </test-method> <!-- tc_002_WithExcel -->
        <test-method is-config="true" signature="closeBrowser(org.testng.ITestResult)[pri:0, instance:org.automation.TestCases.TC_002_UsingExcel@3c46e67a]" started-at="2026-04-11T23:18:46 IST" name="closeBrowser" finished-at="2026-04-11T23:18:46 IST" duration-ms="659" status="PASS">
          <params>
            <param index="0">
              <value>
                <![CDATA[[TestResult name=tc_002_WithExcel status=SUCCESS method=TC_002_UsingExcel.tc_002_WithExcel(java.lang.String,java.lang.String)[pri:0, instance:org.automation.TestCases.TC_002_UsingExcel@3c46e67a] output={null}]]]>
              </value>
            </param>
          </params>
          <reporter-output>
          </reporter-output>
        </test-method> <!-- closeBrowser -->
        <test-method is-config="true" signature="openBrowser()[pri:0, instance:org.automation.TestCases.TC_002_UsingExcel@3c46e67a]" started-at="2026-04-11T23:18:46 IST" name="openBrowser" finished-at="2026-04-11T23:18:53 IST" duration-ms="6444" status="PASS">
          <reporter-output>
          </reporter-output>
        </test-method> <!-- openBrowser -->
        <test-method is-config="true" signature="SetupPage()[pri:0, instance:org.automation.TestCases.TC_002_UsingExcel@3c46e67a]" started-at="2026-04-11T23:18:53 IST" name="SetupPage" finished-at="2026-04-11T23:18:53 IST" duration-ms="1" status="PASS">
          <reporter-output>
          </reporter-output>
        </test-method> <!-- SetupPage -->
        <test-method signature="tc_002_WithExcel(java.lang.String,java.lang.String)[pri:0, instance:org.automation.TestCases.TC_002_UsingExcel@3c46e67a]" started-at="2026-04-11T23:18:53 IST" name="tc_002_WithExcel" data-provider="Excel" finished-at="2026-04-11T23:18:54 IST" duration-ms="934" status="PASS">
          <params>
            <param index="0">
              <value>
                <![CDATA[student4]]>
              </value>
            </param>
            <param index="1">
              <value>
                <![CDATA[Passwod127]]>
              </value>
            </param>
          </params>
          <reporter-output>
          </reporter-output>
        </test-method> <!-- tc_002_WithExcel -->
        <test-method is-config="true" signature="closeBrowser(org.testng.ITestResult)[pri:0, instance:org.automation.TestCases.TC_002_UsingExcel@3c46e67a]" started-at="2026-04-11T23:18:54 IST" name="closeBrowser" finished-at="2026-04-11T23:18:55 IST" duration-ms="767" status="PASS">
          <params>
            <param index="0">
              <value>
                <![CDATA[[TestResult name=tc_002_WithExcel status=SUCCESS method=TC_002_UsingExcel.tc_002_WithExcel(java.lang.String,java.lang.String)[pri:0, instance:org.automation.TestCases.TC_002_UsingExcel@3c46e67a] output={null}]]]>
              </value>
            </param>
          </params>
          <reporter-output>
          </reporter-output>
        </test-method> <!-- closeBrowser -->
      </class> <!-- org.automation.TestCases.TC_002_UsingExcel -->
      <class name="org.automation.TestCases.TC_001_ValidateLoginFunctionlaity">
        <test-method is-config="true" signature="openBrowser()[pri:0, instance:org.automation.TestCases.TC_001_ValidateLoginFunctionlaity@61322f9d]" started-at="2026-04-11T23:18:55 IST" name="openBrowser" finished-at="2026-04-11T23:19:01 IST" duration-ms="6110" status="PASS">
          <reporter-output>
          </reporter-output>
        </test-method> <!-- openBrowser -->
        <test-method is-config="true" signature="setUpPageObjects()[pri:0, instance:org.automation.TestCases.TC_001_ValidateLoginFunctionlaity@61322f9d]" started-at="2026-04-11T23:19:01 IST" name="setUpPageObjects" finished-at="2026-04-11T23:19:01 IST" duration-ms="2" status="PASS">
          <reporter-output>
          </reporter-output>
        </test-method> <!-- setUpPageObjects -->
        <test-method signature="tc_001_LoginFunctionalityWithInValidCredential(java.lang.String,java.lang.String)[pri:0, instance:org.automation.TestCases.TC_001_ValidateLoginFunctionlaity@61322f9d]" started-at="2026-04-11T23:19:01 IST" name="tc_001_LoginFunctionalityWithInValidCredential" data-provider="Static" finished-at="2026-04-11T23:19:02 IST" duration-ms="950" status="PASS">
          <params>
            <param index="0">
              <value>
                <![CDATA[Sam]]>
              </value>
            </param>
            <param index="1">
              <value>
                <![CDATA[SamPassword]]>
              </value>
            </param>
          </params>
          <reporter-output>
          </reporter-output>
        </test-method> <!-- tc_001_LoginFunctionalityWithInValidCredential -->
        <test-method is-config="true" signature="closeBrowser(org.testng.ITestResult)[pri:0, instance:org.automation.TestCases.TC_001_ValidateLoginFunctionlaity@61322f9d]" started-at="2026-04-11T23:19:02 IST" name="closeBrowser" finished-at="2026-04-11T23:19:02 IST" duration-ms="633" status="PASS">
          <params>
            <param index="0">
              <value>
                <![CDATA[[TestResult name=tc_001_LoginFunctionalityWithInValidCredential status=SUCCESS method=TC_001_ValidateLoginFunctionlaity.tc_001_LoginFunctionalityWithInValidCredential(java.lang.String,java.lang.String)[pri:0, instance:org.automation.TestCases.TC_001_ValidateLoginFunctionlaity@61322f9d] output={null}]]]>
              </value>
            </param>
          </params>
          <reporter-output>
          </reporter-output>
        </test-method> <!-- closeBrowser -->
        <test-method is-config="true" signature="openBrowser()[pri:0, instance:org.automation.TestCases.TC_001_ValidateLoginFunctionlaity@61322f9d]" started-at="2026-04-11T23:19:02 IST" name="openBrowser" finished-at="2026-04-11T23:19:08 IST" duration-ms="6228" status="PASS">
          <reporter-output>
          </reporter-output>
        </test-method> <!-- openBrowser -->
        <test-method is-config="true" signature="setUpPageObjects()[pri:0, instance:org.automation.TestCases.TC_001_ValidateLoginFunctionlaity@61322f9d]" started-at="2026-04-11T23:19:08 IST" name="setUpPageObjects" finished-at="2026-04-11T23:19:08 IST" duration-ms="1" status="PASS">
          <reporter-output>
          </reporter-output>
        </test-method> <!-- setUpPageObjects -->
        <test-method signature="tc_001_LoginFunctionalityWithInValidCredential(java.lang.String,java.lang.String)[pri:0, instance:org.automation.TestCases.TC_001_ValidateLoginFunctionlaity@61322f9d]" started-at="2026-04-11T23:19:08 IST" name="tc_001_LoginFunctionalityWithInValidCredential" data-provider="Static" finished-at="2026-04-11T23:19:09 IST" duration-ms="970" status="PASS">
          <params>
            <param index="0">
              <value>
                <![CDATA[Tom]]>
              </value>
            </param>
            <param index="1">
              <value>
                <![CDATA[TomPassword]]>
              </value>
            </param>
          </params>
          <reporter-output>
          </reporter-output>
        </test-method> <!-- tc_001_LoginFunctionalityWithInValidCredential -->
        <test-method is-config="true" signature="closeBrowser(org.testng.ITestResult)[pri:0, instance:org.automation.TestCases.TC_001_ValidateLoginFunctionlaity@61322f9d]" started-at="2026-04-11T23:19:09 IST" name="closeBrowser" finished-at="2026-04-11T23:19:10 IST" duration-ms="608" status="PASS">
          <params>
            <param index="0">
              <value>
                <![CDATA[[TestResult name=tc_001_LoginFunctionalityWithInValidCredential status=SUCCESS method=TC_001_ValidateLoginFunctionlaity.tc_001_LoginFunctionalityWithInValidCredential(java.lang.String,java.lang.String)[pri:0, instance:org.automation.TestCases.TC_001_ValidateLoginFunctionlaity@61322f9d] output={null}]]]>
              </value>
            </param>
          </params>
          <reporter-output>
          </reporter-output>
        </test-method> <!-- closeBrowser -->
        <test-method is-config="true" signature="openBrowser()[pri:0, instance:org.automation.TestCases.TC_001_ValidateLoginFunctionlaity@61322f9d]" started-at="2026-04-11T23:19:10 IST" name="openBrowser" finished-at="2026-04-11T23:19:17 IST" duration-ms="6842" status="PASS">
          <reporter-output>
          </reporter-output>
        </test-method> <!-- openBrowser -->
        <test-method is-config="true" signature="setUpPageObjects()[pri:0, instance:org.automation.TestCases.TC_001_ValidateLoginFunctionlaity@61322f9d]" started-at="2026-04-11T23:19:17 IST" name="setUpPageObjects" finished-at="2026-04-11T23:19:17 IST" duration-ms="1" status="PASS">
          <reporter-output>
          </reporter-output>
        </test-method> <!-- setUpPageObjects -->
        <test-method signature="tc_001_LoginFunctionalityWithInValidCredential(java.lang.String,java.lang.String)[pri:0, instance:org.automation.TestCases.TC_001_ValidateLoginFunctionlaity@61322f9d]" started-at="2026-04-11T23:19:17 IST" name="tc_001_LoginFunctionalityWithInValidCredential" data-provider="Static" finished-at="2026-04-11T23:19:18 IST" duration-ms="945" status="PASS">
          <params>
            <param index="0">
              <value>
                <![CDATA[Belly]]>
              </value>
            </param>
            <param index="1">
              <value>
                <![CDATA[BellyPassword]]>
              </value>
            </param>
          </params>
          <reporter-output>
          </reporter-output>
        </test-method> <!-- tc_001_LoginFunctionalityWithInValidCredential -->
        <test-method is-config="true" signature="closeBrowser(org.testng.ITestResult)[pri:0, instance:org.automation.TestCases.TC_001_ValidateLoginFunctionlaity@61322f9d]" started-at="2026-04-11T23:19:18 IST" name="closeBrowser" finished-at="2026-04-11T23:19:18 IST" duration-ms="522" status="PASS">
          <params>
            <param index="0">
              <value>
                <![CDATA[[TestResult name=tc_001_LoginFunctionalityWithInValidCredential status=SUCCESS method=TC_001_ValidateLoginFunctionlaity.tc_001_LoginFunctionalityWithInValidCredential(java.lang.String,java.lang.String)[pri:0, instance:org.automation.TestCases.TC_001_ValidateLoginFunctionlaity@61322f9d] output={null}]]]>
              </value>
            </param>
          </params>
          <reporter-output>
          </reporter-output>
        </test-method> <!-- closeBrowser -->
        <test-method is-config="true" signature="openBrowser()[pri:0, instance:org.automation.TestCases.TC_001_ValidateLoginFunctionlaity@61322f9d]" started-at="2026-04-11T23:19:18 IST" name="openBrowser" finished-at="2026-04-11T23:19:24 IST" duration-ms="6038" status="PASS">
          <reporter-output>
          </reporter-output>
        </test-method> <!-- openBrowser -->
        <test-method is-config="true" signature="setUpPageObjects()[pri:0, instance:org.automation.TestCases.TC_001_ValidateLoginFunctionlaity@61322f9d]" started-at="2026-04-11T23:19:24 IST" name="setUpPageObjects" finished-at="2026-04-11T23:19:24 IST" duration-ms="1" status="PASS">
          <reporter-output>
          </reporter-output>
        </test-method> <!-- setUpPageObjects -->
        <test-method signature="tc_002_validateLoginFunctionality()[pri:0, instance:org.automation.TestCases.TC_001_ValidateLoginFunctionlaity@61322f9d]" started-at="2026-04-11T23:19:24 IST" name="tc_002_validateLoginFunctionality" finished-at="2026-04-11T23:19:27 IST" duration-ms="2216" status="PASS">
          <reporter-output>
          </reporter-output>
        </test-method> <!-- tc_002_validateLoginFunctionality -->
        <test-method is-config="true" signature="closeBrowser(org.testng.ITestResult)[pri:0, instance:org.automation.TestCases.TC_001_ValidateLoginFunctionlaity@61322f9d]" started-at="2026-04-11T23:19:27 IST" name="closeBrowser" finished-at="2026-04-11T23:19:27 IST" duration-ms="617" status="PASS">
          <params>
            <param index="0">
              <value>
                <![CDATA[[TestResult name=tc_002_validateLoginFunctionality status=SUCCESS method=TC_001_ValidateLoginFunctionlaity.tc_002_validateLoginFunctionality()[pri:0, instance:org.automation.TestCases.TC_001_ValidateLoginFunctionlaity@61322f9d] output={null}]]]>
              </value>
            </param>
          </params>
          <reporter-output>
          </reporter-output>
        </test-method> <!-- closeBrowser -->
      </class> <!-- org.automation.TestCases.TC_001_ValidateLoginFunctionlaity -->
    </test> <!-- Default test -->
  </suite> <!-- Default suite -->
</testng-results>
