<?xml version="1.0" encoding="UTF-8"?>
<!-- Generated by org.testng.reporters.JUnitXMLReporter -->
<testsuite ignored="0" hostname="LIN24010353" failures="0" tests="9" name="Default test" time="79.345" errors="0" timestamp="2026-04-11T23:19:27 IST">
  <testcase classname="org.automation.TestCases.TC_002_UsingExcel" name="tc_002_WithExcel" time="2.213"/>
  <testcase classname="org.automation.TestCases.TC_002_UsingExcel" name="tc_002_WithExcel" time="1.026"/>
  <testcase classname="org.automation.TestCases.TC_002_UsingExcel" name="tc_002_WithExcel" time="1.12"/>
  <testcase classname="org.automation.TestCases.TC_002_UsingExcel" name="tc_002_WithExcel" time="0.994"/>
  <testcase classname="org.automation.TestCases.TC_002_UsingExcel" name="tc_002_WithExcel" time="0.934"/>
  <testcase classname="org.automation.TestCases.TC_001_ValidateLoginFunctionlaity" name="tc_001_LoginFunctionalityWithInValidCredential" time="0.95"/>
  <testcase classname="org.automation.TestCases.TC_001_ValidateLoginFunctionlaity" name="tc_001_LoginFunctionalityWithInValidCredential" time="0.97"/>
  <testcase classname="org.automation.TestCases.TC_001_ValidateLoginFunctionlaity" name="tc_001_LoginFunctionalityWithInValidCredential" time="0.945"/>
  <testcase classname="org.automation.TestCases.TC_001_ValidateLoginFunctionlaity" name="tc_002_validateLoginFunctionality" time="2.216"/>
</testsuite> <!-- Default test -->
