<?xml version="1.0" encoding="UTF-8"?>
<!-- Generated by org.testng.reporters.JUnitReportReporter -->
<testsuite hostname="LIN24010353" failures="0" tests="6" name="SeleniumPackage.TestNG2_Execution_AlphaNumericValue" time="0.023" errors="0" timestamp="2025-12-08T13:26:33 IST" skipped="0">
  <testcase classname="SeleniumPackage.TestNG2_Execution_AlphaNumericValue" name="b" time="0.002"/>
  <testcase classname="SeleniumPackage.TestNG2_Execution_AlphaNumericValue" name="z" time="0.001"/>
  <testcase classname="SeleniumPackage.TestNG2_Execution_AlphaNumericValue" name="b2" time="0.001"/>
  <testcase classname="SeleniumPackage.TestNG2_Execution_AlphaNumericValue" name="a1" time="0.002"/>
  <testcase classname="SeleniumPackage.TestNG2_Execution_AlphaNumericValue" name="b4" time="0.002"/>
  <testcase classname="SeleniumPackage.TestNG2_Execution_AlphaNumericValue" name="a" time="0.015"/>
</testsuite> <!-- SeleniumPackage.TestNG2_Execution_AlphaNumericValue -->
