<?xml version="1.0" encoding="UTF-8"?>
<!-- Generated by org.testng.reporters.JUnitReportReporter -->
<testsuite hostname="LIN24010353" failures="0" tests="4" name="SeleniumPackage.TestNG1" time="0.013" errors="0" timestamp="2025-12-08T13:16:44 IST" skipped="0">
  <testcase classname="SeleniumPackage.TestNG1" name="FB4_ForgetPassword" time="0.001"/>
  <testcase classname="SeleniumPackage.TestNG1" name="FB2_Dashboard" time="0.001"/>
  <testcase classname="SeleniumPackage.TestNG1" name="FB1_Login" time="0.009"/>
  <testcase classname="SeleniumPackage.TestNG1" name="FB3_CreateAccount" time="0.002"/>
</testsuite> <!-- SeleniumPackage.TestNG1 -->
